<?xml version="1.0" encoding="UTF-8"?>
<Site BuildName="(empty)"
	BuildStamp="20250515-0259-Experimental"
	Name="(empty)"
	Generator="ctest-3.26.0"
	CompilerName=""
	CompilerVersion=""
	OSName="Windows"
	Hostname="Ranxiaoxiao"
	OSRelease=" Personal"
	OSVersion=" (Build 22631)"
	OSPlatform="AMD64"
	Is64Bits="1"
	VendorString="GenuineIntel"
	VendorID="Intel Corporation"
	FamilyID="6"
	ModelID="10"
	ProcessorCacheSize="-1"
	NumberOfLogicalCPU="20"
	NumberOfPhysicalCPU="14"
	TotalVirtualMemory="37356"
	TotalPhysicalMemory="32492"
	LogicalProcessorsPerPhysical="1"
	ProcessorClockFrequency="2918"
	>
	<Testing>
		<StartDateTime>May 15 11:00 中国标准时间</StartDateTime>
		<StartTestTime>1747278021</StartTestTime>
		<TestList/>
		<EndDateTime>May 15 11:00 中国标准时间</EndDateTime>
		<EndTestTime>1747278021</EndTestTime>
		<ElapsedMinutes>0</ElapsedMinutes>
	</Testing>
</Site>
